<?xml version="1.0" encoding="UTF-8"?>
<!-- Generated by org.testng.reporters.JUnitReportReporter -->
<testsuite hostname="TILLT-bZhi4iHn1" failures="0" tests="1" name="sliketm.VideoAutomation" time="16.017" errors="0" timestamp="2023-07-26T16:52:12 IST" skipped="0">
  <testcase classname="sliketm.VideoAutomation" name="videoAutomation" time="16.017"/>
  <system-out/>
</testsuite> <!-- sliketm.VideoAutomation -->
