<?xml version="1.0" encoding="UTF-8"?>
<!-- Generated by org.testng.reporters.JUnitReportReporter -->
<testsuite hostname="TILLT-bZhi4iHn1" failures="0" tests="1" name="sliketm.UploadAssertion" time="7.886" errors="0" timestamp="2023-07-17T22:52:46 IST" skipped="0">
  <testcase classname="sliketm.UploadAssertion" name="testmethod" time="7.886"/>
  <system-out/>
</testsuite> <!-- sliketm.UploadAssertion -->
