<?xml version="1.0" encoding="UTF-8"?>
<!-- Generated by org.testng.reporters.JUnitReportReporter -->
<testsuite hostname="TILLT-bZhi4iHn1" failures="0" tests="1" name="sliketm.Chat4Prev" time="390.496" errors="0" timestamp="2023-07-29T13:54:21 IST" skipped="0">
  <testcase classname="sliketm.Chat4Prev" name="LiveTV_Recording" time="390.496"/>
  <system-out/>
</testsuite> <!-- sliketm.Chat4Prev -->
