<?xml version="1.0" encoding="UTF-8"?>
<!-- Generated by org.testng.reporters.JUnitReportReporter -->
<testsuite hostname="TILLT-bZhi4iHn1" failures="0" tests="1" name="sliketm.ExceptionHandlingLiveTVRecording" time="3.704" errors="0" timestamp="2023-08-21T13:31:41 IST" skipped="0">
  <testcase classname="sliketm.ExceptionHandlingLiveTVRecording" name="LiveTV_Recording" time="3.704"/>
  <system-out/>
</testsuite> <!-- sliketm.ExceptionHandlingLiveTVRecording -->
