<?xml version="1.0" encoding="UTF-8"?>
<!-- Generated by org.testng.reporters.JUnitReportReporter -->
<testsuite hostname="TILLT-bZhi4iHn1" failures="0" tests="1" name="sliketm.Experim" time="24.477" errors="0" timestamp="2023-07-25T14:23:22 IST" skipped="0">
  <testcase classname="sliketm.Experim" name="softassert" time="24.477"/>
  <system-out/>
</testsuite> <!-- sliketm.Experim -->
