<?xml version="1.0" encoding="UTF-8"?>
<!-- Generated by org.testng.reporters.JUnitReportReporter -->
<testsuite hostname="TILLT-bZhi4iHn1" failures="0" tests="1" name="sliketm.Revcms" time="35.780" errors="0" timestamp="2023-07-26T18:00:48 IST" skipped="0">
  <testcase classname="sliketm.Revcms" name="softassert" time="35.780"/>
  <system-out/>
</testsuite> <!-- sliketm.Revcms -->
