<?xml version="1.0" encoding="UTF-8"?>
<!-- Generated by org.testng.reporters.JUnitReportReporter -->
<testsuite hostname="TILLT-bZhi4iHn1" failures="0" tests="1" name="sliketm.TestCmsLiveTv_Recording2" time="41.149" errors="0" timestamp="2023-08-02T10:39:04 IST" skipped="0">
  <testcase classname="sliketm.TestCmsLiveTv_Recording2" name="LiveTV_Recording" time="41.149"/>
  <system-out/>
</testsuite> <!-- sliketm.TestCmsLiveTv_Recording2 -->
