<?xml version="1.0" encoding="UTF-8"?>
<!-- Generated by org.testng.reporters.JUnitReportReporter -->
<testsuite hostname="TILLT-bZhi4iHn1" failures="0" tests="1" name="sliketm.LiveTv" time="12.365" errors="0" timestamp="2023-08-02T22:59:05 IST" skipped="0">
  <testcase classname="sliketm.LiveTv" name="LiveTV_Recording" time="12.365"/>
  <system-out/>
</testsuite> <!-- sliketm.LiveTv -->
