<?xml version="1.0" encoding="UTF-8"?>
<!-- Generated by org.testng.reporters.JUnitReportReporter -->
<testsuite hostname="TILLT-bZhi4iHn1" failures="0" tests="1" name="Test.P1" time="269.243" errors="0" timestamp="2023-08-25T19:38:43 IST" skipped="0">
  <testcase classname="Test.P1" name="LiveTV_Recording" time="269.243"/>
  <system-out/>
</testsuite> <!-- Test.P1 -->
