<?xml version="1.0" encoding="UTF-8"?>
<!-- Generated by org.testng.reporters.JUnitReportReporter -->
<testsuite hostname="TILLT-bZhi4iHn1" failures="0" tests="1" name="sliketm.CmsLiveTv_Recording" time="34.466" errors="0" timestamp="2023-07-26T16:01:50 IST" skipped="0">
  <testcase classname="sliketm.CmsLiveTv_Recording" name="LiveTV_Recording" time="34.466"/>
  <system-out/>
</testsuite> <!-- sliketm.CmsLiveTv_Recording -->
