<?xml version="1.0" encoding="UTF-8"?>
<!-- Generated by org.testng.reporters.JUnitReportReporter -->
<testsuite hostname="TILLT-bZhi4iHn1" failures="0" tests="1" name="sliketm.MainCmsLiveTv_Recording" time="37.442" errors="0" timestamp="2023-07-28T18:38:41 IST" skipped="0">
  <testcase classname="sliketm.MainCmsLiveTv_Recording" name="LiveTV_Recording" time="37.442"/>
  <system-out/>
</testsuite> <!-- sliketm.MainCmsLiveTv_Recording -->
