<?xml version="1.0" encoding="UTF-8"?>
<!-- Generated by org.testng.reporters.JUnitReportReporter -->
<testsuite hostname="TILLT-bZhi4iHn1" failures="0" tests="1" name="sliketm.CmsUploadAssertion" time="20.337" errors="0" timestamp="2023-07-26T15:55:59 IST" skipped="0">
  <testcase classname="sliketm.CmsUploadAssertion" name="CmsUpload" time="20.337"/>
  <system-out/>
</testsuite> <!-- sliketm.CmsUploadAssertion -->
