<?xml version="1.0" encoding="UTF-8"?>
<!-- Generated by org.testng.reporters.JUnitReportReporter -->
<testsuite hostname="TILLT-bZhi4iHn1" failures="0" tests="1" name="sliketm.MainCmsUploadAssertion" time="22.519" errors="0" timestamp="2023-08-29T12:02:21 IST" skipped="0">
  <testcase classname="sliketm.MainCmsUploadAssertion" name="MainCmsUploadSucessfully" time="22.519"/>
  <system-out/>
</testsuite> <!-- sliketm.MainCmsUploadAssertion -->
